<?xml version="1.0" encoding="UTF-8"?>
<!-- Generated by org.testng.reporters.JUnitReportReporter -->
<testsuite skipped="0" hostname="master" name="Website_test.NewTest" tests="1" failures="0" timestamp="16 Oct 2018 10:14:27 GMT" time="39.114" errors="0">
  <testcase name="verifyuser" time="39.114" classname="Website_test.NewTest"/>
</testsuite> <!-- Website_test.NewTest -->
